<?xml version="1.0" encoding="UTF-8"?>
<!-- Generated by org.testng.reporters.JUnitReportReporter -->
<testsuite name="jenkinsdemo.DemoJenkins" tests="1" time="0.040" ignored="0" failures="0" timestamp="12 Mar 2017 07:06:11 GMT" skipped="0" hostname="Sony-PC" errors="0">
  <testcase name="testjenkins" time="0.040" classname="jenkinsdemo.DemoJenkins"/>
</testsuite> <!-- jenkinsdemo.DemoJenkins -->
